<2021-01-02 19:47:08 INFO>: K-Means started. K = 2, MAX_EPOCHS = 10
<2021-01-02 19:47:09 INFO>: [EPOCH 0] Centroid updated: [[ 5.25  2.  ] [10.25 11.  ]]
<2021-01-02 19:47:09 INFO>: [EPOCH 0] Current SSE: 17.103251249155125; Centroid offset: 11.75265927354316
<2021-01-02 19:47:09 INFO>: [EPOCH 1] Centroid updated: [[ 4.44  3.67] [13.18 13.73]]
<2021-01-02 19:47:09 INFO>: [EPOCH 1] Current SSE: 12.304774580747134; Centroid offset: 4.4113798194022555
<2021-01-02 19:47:09 INFO>: [EPOCH 2] Centroid updated: [[ 4.6  4.2] [13.9 14.2]]
<2021-01-02 19:47:09 INFO>: [EPOCH 2] Current SSE: 11.654674875992491; Centroid offset: 1.023668976601201
<2021-01-02 19:47:10 INFO>: [EPOCH 3] Centroids are almost stable. Iterating stopped.
<2021-01-02 19:47:10 INFO>: [EPOCH 3] Current SSE: 11.654674875992491; Centroid offset: 0.0
<2021-01-02 19:47:10 INFO>: Centroid coordinates: [[ 4.6  4.2] [13.9 14.2]]
<2021-01-02 19:51:08 INFO>: K-Means started. K = 2, MAX_EPOCHS = 10
<2021-01-02 19:51:09 INFO>: [EPOCH 0] Centroid updated: [[ 2.5   2.5 ] [10.94 10.88]]
<2021-01-02 19:51:09 INFO>: [EPOCH 0] Current SSE: 15.376532292770138; Centroid offset: 7.641631452118062
<2021-01-02 19:51:09 INFO>: [EPOCH 1] Centroid updated: [[ 4.44  3.67] [13.18 13.73]]
<2021-01-02 19:51:09 INFO>: [EPOCH 1] Current SSE: 12.304774580747134; Centroid offset: 4.279532582026388
<2021-01-02 19:51:09 INFO>: [EPOCH 2] Centroid updated: [[ 4.6  4.2] [13.9 14.2]]
<2021-01-02 19:51:09 INFO>: [EPOCH 2] Current SSE: 11.654674875992491; Centroid offset: 1.023668976601201
<2021-01-02 19:51:10 INFO>: [EPOCH 3] Centroids are almost stable. Iterating stopped.
<2021-01-02 19:51:10 INFO>: [EPOCH 3] Current SSE: 11.654674875992491; Centroid offset: 0.0
<2021-01-02 19:51:10 INFO>: Centroid coordinates: [[ 4.6  4.2] [13.9 14.2]]
<2021-01-02 19:51:27 INFO>: K-Means started. K = 2, MAX_EPOCHS = 10
<2021-01-02 19:51:28 INFO>: [EPOCH 0] Centroid updated: [[13.9 14.2] [ 4.6  4.2]]
<2021-01-02 19:51:28 INFO>: [EPOCH 0] Current SSE: 11.654674875992491; Centroid offset: 4.341658669218482
<2021-01-02 19:51:28 INFO>: [EPOCH 1] Centroids are almost stable. Iterating stopped.
<2021-01-02 19:51:28 INFO>: [EPOCH 1] Current SSE: 11.654674875992491; Centroid offset: 0.0
<2021-01-02 19:51:28 INFO>: Centroid coordinates: [[13.9 14.2] [ 4.6  4.2]]
<2021-01-02 19:52:08 INFO>: K-Means started. K = 2, MAX_EPOCHS = 10
<2021-01-02 19:52:08 INFO>: [EPOCH 0] Centroid updated: [[19.   11.  ] [ 8.74  9.11]]
<2021-01-02 19:52:08 INFO>: [EPOCH 0] Current SSE: 16.624332198696933; Centroid offset: 7.818757189535922
<2021-01-02 19:52:08 INFO>: [EPOCH 1] Centroid updated: [[16.   14.33] [ 6.36  7.  ]]
<2021-01-02 19:52:08 INFO>: [EPOCH 1] Current SSE: 15.972331510794238; Centroid offset: 5.496017884487309
<2021-01-02 19:52:09 INFO>: [EPOCH 2] Centroid updated: [[14.33 14.56] [ 5.09  4.82]]
<2021-01-02 19:52:09 INFO>: [EPOCH 2] Current SSE: 12.57577169192891; Centroid offset: 3.031639659176219
<2021-01-02 19:52:09 INFO>: [EPOCH 3] Centroid updated: [[13.9 14.2] [ 4.6  4.2]]
<2021-01-02 19:52:09 INFO>: [EPOCH 3] Current SSE: 11.654674875992491; Centroid offset: 0.9681621903028267
<2021-01-02 19:52:10 INFO>: [EPOCH 4] Centroids are almost stable. Iterating stopped.
<2021-01-02 19:52:10 INFO>: [EPOCH 4] Current SSE: 11.654674875992491; Centroid offset: 0.0
<2021-01-02 19:52:10 INFO>: Centroid coordinates: [[13.9 14.2] [ 4.6  4.2]]
<2021-01-02 19:52:33 INFO>: K-Means started. K = 2, MAX_EPOCHS = 10
<2021-01-02 19:52:33 INFO>: [EPOCH 0] Centroid updated: [[ 4.6  4.2] [13.9 14.2]]
<2021-01-02 19:52:33 INFO>: [EPOCH 0] Current SSE: 11.654674875992491; Centroid offset: 5.6964901474504455
<2021-01-02 19:52:33 INFO>: [EPOCH 1] Centroids are almost stable. Iterating stopped.
<2021-01-02 19:52:33 INFO>: [EPOCH 1] Current SSE: 11.654674875992491; Centroid offset: 0.0
<2021-01-02 19:52:33 INFO>: Centroid coordinates: [[ 4.6  4.2] [13.9 14.2]]
<2021-01-02 19:53:03 INFO>: K-Means started. K = 2, MAX_EPOCHS = 10
<2021-01-02 19:53:03 INFO>: [EPOCH 0] Centroid updated: [[13.9 14.2] [ 4.6  4.2]]
<2021-01-02 19:53:03 INFO>: [EPOCH 0] Current SSE: 11.654674875992491; Centroid offset: 4.177319714841086
<2021-01-02 19:53:04 INFO>: [EPOCH 1] Centroids are almost stable. Iterating stopped.
<2021-01-02 19:53:04 INFO>: [EPOCH 1] Current SSE: 11.654674875992491; Centroid offset: 0.0
<2021-01-02 19:53:04 INFO>: Centroid coordinates: [[13.9 14.2] [ 4.6  4.2]]
<2021-01-02 19:53:59 INFO>: K-Means started. K = 2, MAX_EPOCHS = 10
<2021-01-02 19:54:00 INFO>: [EPOCH 0] Centroid updated: [[16.6 13.4] [ 6.8  7.8]]
<2021-01-02 19:54:00 INFO>: [EPOCH 0] Current SSE: 16.695507816124437; Centroid offset: 8.366600265340756
<2021-01-02 19:54:00 INFO>: [EPOCH 1] Centroid updated: [[14.33 14.56] [ 5.09  4.82]]
<2021-01-02 19:54:00 INFO>: [EPOCH 1] Current SSE: 12.57577169192891; Centroid offset: 4.276133513433808
<2021-01-02 19:54:00 INFO>: [EPOCH 2] Centroid updated: [[13.9 14.2] [ 4.6  4.2]]
<2021-01-02 19:54:00 INFO>: [EPOCH 2] Current SSE: 11.654674875992491; Centroid offset: 0.9681621903028267
<2021-01-02 19:54:01 INFO>: [EPOCH 3] Centroids are almost stable. Iterating stopped.
<2021-01-02 19:54:01 INFO>: [EPOCH 3] Current SSE: 11.654674875992491; Centroid offset: 0.0
<2021-01-02 19:54:01 INFO>: Centroid coordinates: [[13.9 14.2] [ 4.6  4.2]]
<2021-01-02 19:56:29 INFO>: K-Means started. K = 2, MAX_EPOCHS = 10
<2021-01-02 19:56:30 INFO>: [EPOCH 0] Centroid updated: [[13.9 14.2] [ 4.6  4.2]]
<2021-01-02 19:56:30 INFO>: [EPOCH 0] Current SSE: 11.654674875992491; Centroid offset: 5.123475382979798
<2021-01-02 19:56:30 INFO>: [EPOCH 1] Centroids are almost stable. Iterating stopped.
<2021-01-02 19:56:30 INFO>: [EPOCH 1] Current SSE: 11.654674875992491; Centroid offset: 0.0
<2021-01-02 19:56:30 INFO>: Centroid coordinates: [[13.9 14.2] [ 4.6  4.2]]
<2021-01-02 19:56:45 INFO>: K-Means started. K = 2, MAX_EPOCHS = 10
<2021-01-02 19:56:45 INFO>: [EPOCH 0] Centroid updated: [[ 4.6  4.2] [13.9 14.2]]
<2021-01-02 19:56:45 INFO>: [EPOCH 0] Current SSE: 11.654674875992491; Centroid offset: 4.695742752749558
<2021-01-02 19:56:46 INFO>: [EPOCH 1] Centroids are almost stable. Iterating stopped.
<2021-01-02 19:56:46 INFO>: [EPOCH 1] Current SSE: 11.654674875992491; Centroid offset: 0.0
<2021-01-02 19:56:46 INFO>: Centroid coordinates: [[ 4.6  4.2] [13.9 14.2]]
<2021-01-02 19:56:46 INFO>: K-Means started. K = 3, MAX_EPOCHS = 10
<2021-01-02 19:56:46 INFO>: [EPOCH 0] Centroid updated: [[17.   12.  ] [ 4.6   4.2 ] [11.83 15.67]]
<2021-01-02 19:56:46 INFO>: [EPOCH 0] Current SSE: 7.232632038258262; Centroid offset: 4.2354325503883175
<2021-01-02 19:56:46 INFO>: [EPOCH 1] Centroids are almost stable. Iterating stopped.
<2021-01-02 19:56:46 INFO>: [EPOCH 1] Current SSE: 7.232632038258262; Centroid offset: 0.0
<2021-01-02 19:56:46 INFO>: Centroid coordinates: [[17.   12.  ] [ 4.6   4.2 ] [11.83 15.67]]
<2021-01-02 19:56:46 INFO>: K-Means started. K = 4, MAX_EPOCHS = 10
<2021-01-02 19:56:47 INFO>: [EPOCH 0] Centroid updated: [[13.18 13.73] [ 4.    5.  ] [ 3.75  1.75] [ 6.5   5.5 ]]
<2021-01-02 19:56:47 INFO>: [EPOCH 0] Current SSE: 6.5849737413632425; Centroid offset: 8.974999712240148
<2021-01-02 19:56:47 INFO>: [EPOCH 1] Centroid updated: [[13.9  14.2 ] [ 3.    5.5 ] [ 3.75  1.75] [ 6.25  6.  ]]
<2021-01-02 19:56:47 INFO>: [EPOCH 1] Current SSE: 5.93599494586555; Centroid offset: 1.5171539797749958
<2021-01-02 19:56:48 INFO>: [EPOCH 2] Centroids are almost stable. Iterating stopped.
<2021-01-02 19:56:48 INFO>: [EPOCH 2] Current SSE: 5.93599494586555; Centroid offset: 0.0
<2021-01-02 19:56:48 INFO>: Centroid coordinates: [[13.9  14.2 ] [ 3.    5.5 ] [ 3.75  1.75] [ 6.25  6.  ]]
<2021-01-02 19:56:48 INFO>: K-Means started. K = 5, MAX_EPOCHS = 10
<2021-01-02 19:56:48 INFO>: [EPOCH 0] Centroid updated: [[16.6  13.4 ] [10.   12.5 ] [ 6.    5.33] [12.   16.67] [ 2.5   2.5 ]]
<2021-01-02 19:56:48 INFO>: [EPOCH 0] Current SSE: 4.53122887111425; Centroid offset: 3.8503968049482324
<2021-01-02 19:56:49 INFO>: [EPOCH 1] Centroid updated: [[17.   12.  ] [10.   12.5 ] [ 6.    5.33] [12.75 17.25] [ 2.5   2.5 ]]
<2021-01-02 19:56:49 INFO>: [EPOCH 1] Current SSE: 4.023086665782328; Centroid offset: 1.7386137517510254
<2021-01-02 19:56:49 INFO>: [EPOCH 2] Centroid updated: [[17.   12.  ] [10.33 13.33] [ 6.    5.33] [13.33 18.  ] [ 2.5   2.5 ]]
<2021-01-02 19:56:49 INFO>: [EPOCH 2] Current SSE: 3.9356681049237885; Centroid offset: 1.3070322617798442
<2021-01-02 19:56:49 INFO>: [EPOCH 3] Centroids are almost stable. Iterating stopped.
<2021-01-02 19:56:49 INFO>: [EPOCH 3] Current SSE: 3.9356681049237885; Centroid offset: 0.0
<2021-01-02 19:56:49 INFO>: Centroid coordinates: [[17.   12.  ] [10.33 13.33] [ 6.    5.33] [13.33 18.  ] [ 2.5   2.5 ]]
<2021-01-02 20:00:27 INFO>: K-Means started. K = 2, MAX_EPOCHS = 10
<2021-01-02 20:00:28 INFO>: [EPOCH 0] Centroid updated: [[1.35 1.7 ] [0.8  0.48]]
<2021-01-02 20:00:28 INFO>: [EPOCH 0] Current SSE: 9.084632833500144; Centroid offset: 1.0783800944922404
<2021-01-02 20:00:28 INFO>: [EPOCH 1] Centroid updated: [[1.44 1.7 ] [0.75 0.5 ]]
<2021-01-02 20:00:28 INFO>: [EPOCH 1] Current SSE: 8.946377149429686; Centroid offset: 0.1007166547161402
<2021-01-02 20:00:28 INFO>: [EPOCH 2] Centroid updated: [[1.48 1.66] [0.72 0.51]]
<2021-01-02 20:00:28 INFO>: [EPOCH 2] Current SSE: 8.884159078981497; Centroid offset: 0.07103114142885013
<2021-01-02 20:00:29 INFO>: [EPOCH 3] Centroids are almost stable. Iterating stopped.
<2021-01-02 20:00:29 INFO>: [EPOCH 3] Current SSE: 8.836643983084578; Centroid offset: 0.043257381258992034
<2021-01-02 20:00:29 INFO>: Centroid coordinates: [[1.48 1.66] [0.72 0.51]]
<2021-01-02 20:00:29 INFO>: K-Means started. K = 3, MAX_EPOCHS = 10
<2021-01-02 20:00:29 INFO>: [EPOCH 0] Centroid updated: [[1.09 0.27] [1.36 1.38] [0.26 0.89]]
<2021-01-02 20:00:29 INFO>: [EPOCH 0] Current SSE: 7.24164583345518; Centroid offset: 0.7790249329727592
<2021-01-02 20:00:30 INFO>: [EPOCH 1] Centroid updated: [[1.06 0.33] [1.52 1.64] [0.36 0.76]]
<2021-01-02 20:00:30 INFO>: [EPOCH 1] Current SSE: 6.352441733742936; Centroid offset: 0.3493782817722399
<2021-01-02 20:00:30 INFO>: [EPOCH 2] Centroid updated: [[1.16 0.36] [1.51 1.71] [0.39 0.71]]
<2021-01-02 20:00:30 INFO>: [EPOCH 2] Current SSE: 6.296660431436018; Centroid offset: 0.1406256889944029
<2021-01-02 20:00:30 INFO>: [EPOCH 3] Centroid updated: [[1.28 0.39] [1.47 1.76] [0.41 0.66]]
<2021-01-02 20:00:30 INFO>: [EPOCH 3] Current SSE: 6.223448294655537; Centroid offset: 0.14565255864462445
<2021-01-02 20:00:31 INFO>: [EPOCH 4] Centroid updated: [[1.35 0.41] [1.44 1.78] [0.42 0.64]]
<2021-01-02 20:00:31 INFO>: [EPOCH 4] Current SSE: 6.232771335317366; Centroid offset: 0.08361889313321569
<2021-01-02 20:00:31 INFO>: [EPOCH 5] Centroid updated: [[1.41 0.46] [1.43 1.81] [0.44 0.62]]
<2021-01-02 20:00:31 INFO>: [EPOCH 5] Current SSE: 6.231241594598399; Centroid offset: 0.09348551773401224
<2021-01-02 20:00:31 INFO>: [EPOCH 6] Centroid updated: [[1.48 0.48] [1.4  1.83] [0.48 0.59]]
<2021-01-02 20:00:31 INFO>: [EPOCH 6] Current SSE: 6.158039505450404; Centroid offset: 0.09843152231474
<2021-01-02 20:00:32 INFO>: [EPOCH 7] Centroid updated: [[1.65 0.57] [1.34 1.86] [0.52 0.55]]
<2021-01-02 20:00:32 INFO>: [EPOCH 7] Current SSE: 6.062791253276619; Centroid offset: 0.20894904002053158
<2021-01-02 20:00:32 INFO>: [EPOCH 8] Centroid updated: [[1.76 0.67] [1.29 1.9 ] [0.54 0.53]]
<2021-01-02 20:00:32 INFO>: [EPOCH 8] Current SSE: 5.970752114170463; Centroid offset: 0.1622267864028703
<2021-01-02 20:00:33 INFO>: [EPOCH 9] Centroid updated: [[1.79 0.72] [1.27 1.92] [0.55 0.53]]
<2021-01-02 20:00:33 INFO>: [EPOCH 9] Current SSE: 5.957964970912589; Centroid offset: 0.07071241626807692
<2021-01-02 20:00:33 INFO>: Centroid coordinates: [[1.79 0.72] [1.27 1.92] [0.55 0.53]]
<2021-01-02 20:00:33 INFO>: K-Means started. K = 4, MAX_EPOCHS = 10
<2021-01-02 20:00:33 INFO>: [EPOCH 0] Centroid updated: [[1.28 1.66] [1.35 0.68] [0.22 0.77] [0.87 0.22]]
<2021-01-02 20:00:33 INFO>: [EPOCH 0] Current SSE: 5.450719950948322; Centroid offset: 1.1258711743598417
<2021-01-02 20:00:33 INFO>: [EPOCH 1] Centroid updated: [[1.37 1.86] [1.62 0.69] [0.31 0.75] [0.75 0.26]]
<2021-01-02 20:00:33 INFO>: [EPOCH 1] Current SSE: 4.72262510112004; Centroid offset: 0.39057378065049275
<2021-01-02 20:00:34 INFO>: [EPOCH 2] Centroid updated: [[1.34 1.92] [1.81 0.72] [0.37 0.81] [0.74 0.3 ]]
<2021-01-02 20:00:34 INFO>: [EPOCH 2] Current SSE: 4.653745415605375; Centroid offset: 0.22042674272586063
<2021-01-02 20:00:34 INFO>: [EPOCH 3] Centroid updated: [[1.32 1.93] [1.86 0.76] [0.37 0.84] [0.74 0.31]]
<2021-01-02 20:00:34 INFO>: [EPOCH 3] Current SSE: 4.66324215468795; Centroid offset: 0.07678847887676
<2021-01-02 20:00:35 INFO>: [EPOCH 4] Centroid updated: [[1.29 1.94] [1.9  0.81] [0.39 0.86] [0.73 0.31]]
<2021-01-02 20:00:35 INFO>: [EPOCH 4] Current SSE: 4.684047289306287; Centroid offset: 0.07242621504329899
<2021-01-02 20:00:35 INFO>: [EPOCH 5] Centroid updated: [[1.26 1.96] [1.92 0.85] [0.41 0.87] [0.73 0.31]]
<2021-01-02 20:00:35 INFO>: [EPOCH 5] Current SSE: 4.702882296202382; Centroid offset: 0.05958200898169935
<2021-01-02 20:00:35 INFO>: [EPOCH 6] Centroids are almost stable. Iterating stopped.
<2021-01-02 20:00:35 INFO>: [EPOCH 6] Current SSE: 4.7118083155550705; Centroid offset: 0.04844511252831861
<2021-01-02 20:00:35 INFO>: Centroid coordinates: [[1.26 1.96] [1.92 0.85] [0.41 0.87] [0.73 0.31]]
<2021-01-02 20:00:35 INFO>: K-Means started. K = 5, MAX_EPOCHS = 10
<2021-01-02 20:00:36 INFO>: [EPOCH 0] Centroid updated: [[0.97 0.72] [0.31 1.98] [1.36 1.92] [2.02 0.8 ] [0.42 0.41]]
<2021-01-02 20:00:36 INFO>: [EPOCH 0] Current SSE: 3.8977596033449764; Centroid offset: 0.5643413862150298
<2021-01-02 20:00:36 INFO>: [EPOCH 1] Centroid updated: [[0.99 0.7 ] [0.47 1.98] [1.57 1.89] [2.06 0.81] [0.43 0.41]]
<2021-01-02 20:00:36 INFO>: [EPOCH 1] Current SSE: 3.7565910073650803; Centroid offset: 0.2697654559890776
<2021-01-02 20:00:37 INFO>: [EPOCH 2] Centroid updated: [[1.   0.7 ] [0.58 2.  ] [1.75 1.84] [2.06 0.74] [0.42 0.41]]
<2021-01-02 20:00:37 INFO>: [EPOCH 2] Current SSE: 3.6897836128881876; Centroid offset: 0.22950402065172437
<2021-01-02 20:00:37 INFO>: [EPOCH 3] Centroid updated: [[1.   0.7 ] [0.66 1.99] [1.85 1.81] [2.08 0.69] [0.42 0.42]]
<2021-01-02 20:00:37 INFO>: [EPOCH 3] Current SSE: 3.656776268252373; Centroid offset: 0.14171336542501425
<2021-01-02 20:00:38 INFO>: [EPOCH 4] Centroids are almost stable. Iterating stopped.
<2021-01-02 20:00:38 INFO>: [EPOCH 4] Current SSE: 3.654811106661147; Centroid offset: 0.03564353575472734
<2021-01-02 20:00:38 INFO>: Centroid coordinates: [[1.   0.7 ] [0.66 1.99] [1.85 1.81] [2.08 0.69] [0.42 0.42]]
<2021-01-02 20:10:15 INFO>: K-Means started. K = 2, MAX_EPOCHS = 20
<2021-01-02 20:10:15 INFO>: [EPOCH 0] Centroid updated: [[1.39 2.06] [0.91 0.61]]
<2021-01-02 20:10:15 INFO>: [EPOCH 0] Current SSE: 9.822143604596638; Centroid offset: 0.7292699879318729
<2021-01-02 20:10:16 INFO>: [EPOCH 1] Centroid updated: [[1.54 1.94] [0.78 0.55]]
<2021-01-02 20:10:16 INFO>: [EPOCH 1] Current SSE: 9.27796327771051; Centroid offset: 0.23616684890960687
<2021-01-02 20:10:16 INFO>: [EPOCH 2] Centroid updated: [[1.62 1.87] [0.72 0.56]]
<2021-01-02 20:10:16 INFO>: [EPOCH 2] Current SSE: 9.097773821497823; Centroid offset: 0.12885846475449902
<2021-01-02 20:10:17 INFO>: [EPOCH 3] Centroid updated: [[1.66 1.82] [0.68 0.56]]
<2021-01-02 20:10:17 INFO>: [EPOCH 3] Current SSE: 9.03937184802346; Centroid offset: 0.06770344843990612
<2021-01-02 20:10:17 INFO>: [EPOCH 4] Centroids are almost stable. Iterating stopped.
<2021-01-02 20:10:17 INFO>: [EPOCH 4] Current SSE: 9.024769146428346; Centroid offset: 0.01859804499234336
<2021-01-02 20:10:17 INFO>: Centroid coordinates: [[1.66 1.82] [0.68 0.56]]
<2021-01-02 20:10:17 INFO>: K-Means started. K = 3, MAX_EPOCHS = 20
<2021-01-02 20:10:17 INFO>: [EPOCH 0] Centroid updated: [[2.1  2.54] [0.64 0.74] [1.9  1.33]]
<2021-01-02 20:10:17 INFO>: [EPOCH 0] Current SSE: 6.254873989182929; Centroid offset: 0.6654983018314989
<2021-01-02 20:10:18 INFO>: [EPOCH 1] Centroid updated: [[2.   2.49] [0.6  0.69] [1.79 1.3 ]]
<2021-01-02 20:10:18 INFO>: [EPOCH 1] Current SSE: 6.321758345392009; Centroid offset: 0.16849428882714373
<2021-01-02 20:10:18 INFO>: [EPOCH 2] Centroid updated: [[1.87 2.44] [0.58 0.64] [1.73 1.28]]
<2021-01-02 20:10:18 INFO>: [EPOCH 2] Current SSE: 6.469976409504825; Centroid offset: 0.16141409859258152
<2021-01-02 20:10:19 INFO>: [EPOCH 3] Centroid updated: [[1.82 2.42] [0.57 0.63] [1.73 1.25]]
<2021-01-02 20:10:19 INFO>: [EPOCH 3] Current SSE: 6.484031985577165; Centroid offset: 0.06184738563783131
<2021-01-02 20:10:19 INFO>: [EPOCH 4] Centroid updated: [[1.77 2.37] [0.57 0.63] [1.75 1.2 ]]
<2021-01-02 20:10:19 INFO>: [EPOCH 4] Current SSE: 6.484403033177266; Centroid offset: 0.09036858752199417
<2021-01-02 20:10:19 INFO>: [EPOCH 5] Centroid updated: [[1.71 2.28] [0.56 0.64] [1.79 1.11]]
<2021-01-02 20:10:19 INFO>: [EPOCH 5] Current SSE: 6.437324312159276; Centroid offset: 0.15058902906698002
<2021-01-02 20:10:20 INFO>: [EPOCH 6] Centroid updated: [[1.66 2.2 ] [0.55 0.62] [1.78 1.  ]]
<2021-01-02 20:10:20 INFO>: [EPOCH 6] Current SSE: 6.410842360514848; Centroid offset: 0.13677361906514887
<2021-01-02 20:10:20 INFO>: [EPOCH 7] Centroid updated: [[1.63 2.15] [0.54 0.62] [1.79 0.92]]
<2021-01-02 20:10:20 INFO>: [EPOCH 7] Current SSE: 6.370533418880133; Centroid offset: 0.10606745272812564
<2021-01-02 20:10:21 INFO>: [EPOCH 8] Centroid updated: [[1.6  2.12] [0.54 0.61] [1.8  0.86]]
<2021-01-02 20:10:21 INFO>: [EPOCH 8] Current SSE: 6.33628638103725; Centroid offset: 0.0773645298706293
<2021-01-02 20:10:21 INFO>: [EPOCH 9] Centroid updated: [[1.59 2.09] [0.54 0.61] [1.82 0.82]]
<2021-01-02 20:10:21 INFO>: [EPOCH 9] Current SSE: 6.3038473558990775; Centroid offset: 0.05765389896150085
<2021-01-02 20:10:21 INFO>: [EPOCH 10] Centroids are almost stable. Iterating stopped.
<2021-01-02 20:10:21 INFO>: [EPOCH 10] Current SSE: 6.30605080544593; Centroid offset: 0.009048922768612688
<2021-01-02 20:10:21 INFO>: Centroid coordinates: [[1.59 2.09] [0.54 0.61] [1.82 0.82]]
<2021-01-02 20:10:21 INFO>: K-Means started. K = 4, MAX_EPOCHS = 20
<2021-01-02 20:10:22 INFO>: [EPOCH 0] Centroid updated: [[0.85 0.26] [1.35 0.6 ] [0.43 0.84] [1.9  1.72]]
<2021-01-02 20:10:22 INFO>: [EPOCH 0] Current SSE: 5.001916304115662; Centroid offset: 1.5051813181649838
<2021-01-02 20:10:22 INFO>: [EPOCH 1] Centroid updated: [[0.66 0.28] [1.51 0.65] [0.4  1.07] [1.89 1.92]]
<2021-01-02 20:10:22 INFO>: [EPOCH 1] Current SSE: 4.854916372268101; Centroid offset: 0.39978752960730807
<2021-01-02 20:10:23 INFO>: [EPOCH 2] Centroid updated: [[0.58 0.32] [1.63 0.67] [0.45 1.27] [1.89 1.98]]
<2021-01-02 20:10:23 INFO>: [EPOCH 2] Current SSE: 4.696341707812053; Centroid offset: 0.26498152757041704
<2021-01-02 20:10:23 INFO>: [EPOCH 3] Centroid updated: [[0.57 0.39] [1.7  0.66] [0.48 1.43] [1.89 2.01]]
<2021-01-02 20:10:23 INFO>: [EPOCH 3] Current SSE: 4.625667499259996; Centroid offset: 0.18883927351344704
<2021-01-02 20:10:23 INFO>: [EPOCH 4] Centroid updated: [[0.58 0.43] [1.77 0.68] [0.49 1.55] [1.89 2.04]]
<2021-01-02 20:10:23 INFO>: [EPOCH 4] Current SSE: 4.569838082128253; Centroid offset: 0.14898849341286424
<2021-01-02 20:10:24 INFO>: [EPOCH 5] Centroid updated: [[0.58 0.45] [1.8  0.72] [0.51 1.63] [1.9  2.08]]
<2021-01-02 20:10:24 INFO>: [EPOCH 5] Current SSE: 4.538906824782496; Centroid offset: 0.10742391639854335
<2021-01-02 20:10:24 INFO>: [EPOCH 6] Centroid updated: [[0.57 0.47] [1.84 0.75] [0.56 1.75] [1.91 2.09]]
<2021-01-02 20:10:24 INFO>: [EPOCH 6] Current SSE: 4.482585514821993; Centroid offset: 0.13579170241179575
<2021-01-02 20:10:25 INFO>: [EPOCH 7] Centroid updated: [[0.57 0.47] [1.84 0.77] [0.59 1.78] [1.94 2.1 ]]
<2021-01-02 20:10:25 INFO>: [EPOCH 7] Current SSE: 4.477779481125667; Centroid offset: 0.0594479094342806
<2021-01-02 20:10:25 INFO>: [EPOCH 8] Centroids are almost stable. Iterating stopped.
<2021-01-02 20:10:25 INFO>: [EPOCH 8] Current SSE: 4.480079314778042; Centroid offset: 0.02833888749938376
<2021-01-02 20:10:25 INFO>: Centroid coordinates: [[0.57 0.47] [1.84 0.77] [0.59 1.78] [1.94 2.1 ]]
<2021-01-02 20:10:25 INFO>: K-Means started. K = 5, MAX_EPOCHS = 20
<2021-01-02 20:10:26 INFO>: [EPOCH 0] Centroid updated: [[0.53 1.12] [0.62 0.26] [1.31 0.37] [0.18 0.24] [1.9  1.81]]
<2021-01-02 20:10:26 INFO>: [EPOCH 0] Current SSE: 3.7557956953944127; Centroid offset: 0.614584357839181
<2021-01-02 20:10:26 INFO>: [EPOCH 1] Centroid updated: [[0.53 1.31] [0.67 0.33] [1.49 0.52] [0.18 0.34] [1.91 1.91]]
<2021-01-02 20:10:26 INFO>: [EPOCH 1] Current SSE: 3.74084312451802; Centroid offset: 0.34655096376148925
<2021-01-02 20:10:26 INFO>: [EPOCH 2] Centroid updated: [[0.54 1.49] [0.71 0.39] [1.62 0.6 ] [0.2  0.41] [1.93 1.97]]
<2021-01-02 20:10:26 INFO>: [EPOCH 2] Current SSE: 3.733662123873043; Centroid offset: 0.2698989510116002
<2021-01-02 20:10:27 INFO>: [EPOCH 3] Centroid updated: [[0.55 1.65] [0.76 0.44] [1.73 0.66] [0.24 0.46] [1.95 2.02]]
<2021-01-02 20:10:27 INFO>: [EPOCH 3] Current SSE: 3.7182334020875287; Centroid offset: 0.23031390835671695
<2021-01-02 20:10:27 INFO>: [EPOCH 4] Centroid updated: [[0.58 1.78] [0.8  0.47] [1.81 0.72] [0.27 0.47] [1.95 2.04]]
<2021-01-02 20:10:27 INFO>: [EPOCH 4] Current SSE: 3.6892194103103706; Centroid offset: 0.1764899130234577
<2021-01-02 20:10:28 INFO>: [EPOCH 5] Centroid updated: [[0.61 1.78] [0.84 0.48] [1.92 0.77] [0.27 0.46] [1.95 2.08]]
<2021-01-02 20:10:28 INFO>: [EPOCH 5] Current SSE: 3.685550643740888; Centroid offset: 0.14080825704480845
<2021-01-02 20:10:28 INFO>: [EPOCH 6] Centroid updated: [[0.62 1.78] [0.86 0.49] [1.97 0.83] [0.28 0.46] [1.96 2.11]]
<2021-01-02 20:10:28 INFO>: [EPOCH 6] Current SSE: 3.681174010363688; Centroid offset: 0.08347945142471193
<2021-01-02 20:10:28 INFO>: [EPOCH 7] Centroid updated: [[0.62 1.78] [0.89 0.49] [2.   0.86] [0.29 0.45] [1.96 2.12]]
<2021-01-02 20:10:28 INFO>: [EPOCH 7] Current SSE: 3.674117579578612; Centroid offset: 0.05884841395476132
<2021-01-02 20:10:29 INFO>: [EPOCH 8] Centroid updated: [[0.62 1.78] [0.9  0.5 ] [2.03 0.9 ] [0.29 0.45] [1.96 2.15]]
<2021-01-02 20:10:29 INFO>: [EPOCH 8] Current SSE: 3.6701189781031487; Centroid offset: 0.05380581078250637
<2021-01-02 20:10:29 INFO>: [EPOCH 9] Centroids are almost stable. Iterating stopped.
<2021-01-02 20:10:29 INFO>: [EPOCH 9] Current SSE: 3.6719912159172368; Centroid offset: 0.021544075485815852
<2021-01-02 20:10:29 INFO>: Centroid coordinates: [[0.62 1.78] [0.9  0.5 ] [2.03 0.9 ] [0.29 0.45] [1.96 2.15]]
