\BOOKMARK [1][-]{section*.1}{\376\377\000Y\000o\000o\000m\000\040\000M\000e\000e\000t\000i\000n\000g\000s\000\040\127\050\176\277\227\363\211\306\230\221\117\032\213\256\174\373\176\337\000\040\217\157\116\366\227\000\154\102\145\207\150\143}{}% 1
\BOOKMARK [2][-]{subsection*.3}{\376\377\173\200\116\313\000\040\000/\000\040\000I\000n\000t\000r\000o\000d\000u\000c\000t\000i\000o\000n}{section*.1}% 2
\BOOKMARK [3][-]{subsubsection*.4}{\376\377\141\077\146\157\000\040\000/\000\040\000P\000u\000r\000p\000o\000s\000e}{subsection*.3}% 3
\BOOKMARK [3][-]{subsubsection*.5}{\376\377\203\003\126\364\000\040\000/\000\040\000S\000c\000o\000p\000e}{subsection*.3}% 4
\BOOKMARK [3][-]{subsubsection*.6}{\376\377\147\057\213\355\133\232\116\111\000\040\000/\000\040\000D\000e\000f\000i\000n\000i\000t\000i\000o\000n}{subsection*.3}% 5
\BOOKMARK [3][-]{subsubsection*.7}{\376\377\211\322\202\162\133\232\116\111\000\040\000/\000\040\000A\000c\000t\000o\000r\000s}{subsection*.3}% 6
\BOOKMARK [3][-]{subsubsection*.8}{\376\377\151\202\211\310\000\040\000/\000\040\000O\000v\000e\000r\000v\000i\000e\000w}{subsection*.3}% 7
\BOOKMARK [2][-]{subsection*.11}{\376\377\116\032\122\241\227\000\154\102\000\040\000/\000\040\000S\000o\000l\000u\000t\000i\000o\000n\000s}{section*.1}% 8
\BOOKMARK [3][-]{subsubsection*.12}{\376\377\000Y\000M\0001\0000\0000\0001\377\032\0001\000v\0001\000\040\220\032\213\335}{subsection*.11}% 9
\BOOKMARK [3][-]{subsubsection*.18}{\376\377\000Y\000M\0001\0000\0000\0002\377\032\000N\000v\000N\000\040\220\032\213\335}{subsection*.11}% 10
\BOOKMARK [3][-]{subsubsection*.23}{\376\377\000Y\000M\0002\0000\0000\0001\377\032\117\032\116\055\123\302\117\032\147\103\226\120\173\241\164\006}{subsection*.11}% 11
\BOOKMARK [3][-]{subsubsection*.26}{\376\377\000Y\000M\0003\0000\0000\0001\377\032\133\236\145\366\133\127\136\125}{subsection*.11}% 12
\BOOKMARK [3][-]{subsubsection*.29}{\376\377\000Y\000M\0003\0000\0000\0002\377\032\117\032\116\055\162\171\145\110}{subsection*.11}% 13
\BOOKMARK [2][-]{subsection*.32}{\376\377\140\047\200\375\227\000\154\102\000\040\000/\000\040\000P\000e\000r\000f\000o\000r\000m\000a\000c\000e\000\040\000R\000e\000q\000u\000i\000r\000e\000m\000e\000n\000t\000s}{section*.1}% 14
\BOOKMARK [3][-]{subsubsection*.33}{\376\377\000Y\000M\0001\0000\0000\0001\377\032\0001\000v\0001\000\040\220\032\213\335}{subsection*.32}% 15
\BOOKMARK [3][-]{subsubsection*.34}{\376\377\000Y\000M\0001\0000\0000\0002\377\032\000N\000v\000N\000\040\220\032\213\335}{subsection*.32}% 16
\BOOKMARK [2][-]{subsection*.35}{\376\377\131\026\220\350\174\373\176\337\226\120\122\066\000\040\000/\000\040\000D\000e\000s\000i\000g\000n\000\040\000C\000o\000n\000s\000t\000r\000a\000i\000n\000t\000s}{section*.1}% 17
\BOOKMARK [3][-]{subsubsection*.36}{\376\377\176\310\172\357\136\163\123\360\211\201\154\102}{subsection*.35}% 18
\BOOKMARK [3][-]{subsubsection*.40}{\376\377\170\154\116\366\211\201\154\102}{subsection*.35}% 19
\BOOKMARK [2][-]{subsection*.43}{\376\377\226\104\137\125\000\040\000/\000\040\000A\000p\000p\000e\000n\000d\000i\000x}{section*.1}% 20
\BOOKMARK [3][-]{subsubsection*.44}{\376\377\117\356\213\242\213\260\137\125\000\040\000/\000\040\000V\000e\000r\000s\000i\000o\000n\000\040\000R\000e\000c\000o\000r\000d\000s}{subsection*.43}% 21
\BOOKMARK [3][-]{subsubsection*.45}{\376\377\000V\0000\000.\0002}{subsection*.43}% 22
\BOOKMARK [3][-]{subsubsection*.46}{\376\377\000V\0000\000.\0001}{subsection*.43}% 23
